{"C:\\Users\\admin\\Desktop\\DEV001-notes\\labnotes\\src\\App.jsx": {"path":"C:\\Users\\admin\\Desktop\\DEV001-notes\\labnotes\\src\\App.jsx","statementMap":{"0":{"start":{"line":10,"column":2},"end":{"line":21,"column":3}}},"fnMap":{"0":{"name":"App","decl":{"start":{"line":9,"column":9},"end":{"line":9,"column":12}},"loc":{"start":{"line":9,"column":16},"end":{"line":22,"column":1}},"line":9}},"branchMap":{},"s":{"0":0},"f":{"0":0},"b":{}}
,"C:\\Users\\admin\\Desktop\\DEV001-notes\\labnotes\\src\\LogIn.jsx": {"path":"C:\\Users\\admin\\Desktop\\DEV001-notes\\labnotes\\src\\LogIn.jsx","statementMap":{"0":{"start":{"line":10,"column":13},"end":{"line":39,"column":1}},"1":{"start":{"line":11,"column":19},"end":{"line":11,"column":32}},"2":{"start":{"line":13,"column":4},"end":{"line":20,"column":6}},"3":{"start":{"line":16,"column":6},"end":{"line":16,"column":24}},"4":{"start":{"line":19,"column":6},"end":{"line":19,"column":24}},"5":{"start":{"line":24,"column":0},"end":{"line":38,"column":1}}},"fnMap":{"0":{"name":"(anonymous_0)","decl":{"start":{"line":10,"column":13},"end":{"line":10,"column":14}},"loc":{"start":{"line":10,"column":19},"end":{"line":39,"column":1}},"line":10},"1":{"name":"LoginGogle","decl":{"start":{"line":12,"column":11},"end":{"line":12,"column":21}},"loc":{"start":{"line":12,"column":24},"end":{"line":21,"column":3}},"line":12},"2":{"name":"(anonymous_2)","decl":{"start":{"line":14,"column":11},"end":{"line":14,"column":12}},"loc":{"start":{"line":14,"column":27},"end":{"line":17,"column":5}},"line":14},"3":{"name":"(anonymous_3)","decl":{"start":{"line":18,"column":11},"end":{"line":18,"column":12}},"loc":{"start":{"line":18,"column":21},"end":{"line":20,"column":5}},"line":18}},"branchMap":{},"s":{"0":0,"1":0,"2":0,"3":0,"4":0,"5":0},"f":{"0":0,"1":0,"2":0,"3":0},"b":{}}
,"C:\\Users\\admin\\Desktop\\DEV001-notes\\labnotes\\src\\Notes.jsx": {"path":"C:\\Users\\admin\\Desktop\\DEV001-notes\\labnotes\\src\\Notes.jsx","statementMap":{"0":{"start":{"line":8,"column":14},"end":{"line":57,"column":1}},"1":{"start":{"line":9,"column":24},"end":{"line":9,"column":36}},"2":{"start":{"line":10,"column":22},"end":{"line":10,"column":34}},"3":{"start":{"line":12,"column":15},"end":{"line":12,"column":24}},"4":{"start":{"line":14,"column":2},"end":{"line":28,"column":9}},"5":{"start":{"line":15,"column":4},"end":{"line":27,"column":7}},"6":{"start":{"line":16,"column":6},"end":{"line":26,"column":7}},"7":{"start":{"line":17,"column":8},"end":{"line":19,"column":11}},"8":{"start":{"line":18,"column":10},"end":{"line":18,"column":26}},"9":{"start":{"line":20,"column":28},"end":{"line":20,"column":44}},"10":{"start":{"line":21,"column":8},"end":{"line":25,"column":9}},"11":{"start":{"line":22,"column":10},"end":{"line":22,"column":31}},"12":{"start":{"line":24,"column":10},"end":{"line":24,"column":42}},"13":{"start":{"line":32,"column":19},"end":{"line":32,"column":32}},"14":{"start":{"line":33,"column":17},"end":{"line":42,"column":3}},"15":{"start":{"line":34,"column":4},"end":{"line":41,"column":9}},"16":{"start":{"line":36,"column":8},"end":{"line":36,"column":48}},"17":{"start":{"line":37,"column":8},"end":{"line":37,"column":22}},"18":{"start":{"line":40,"column":8},"end":{"line":40,"column":29}},"19":{"start":{"line":44,"column":2},"end":{"line":56,"column":4}}},"fnMap":{"0":{"name":"(anonymous_0)","decl":{"start":{"line":8,"column":14},"end":{"line":8,"column":15}},"loc":{"start":{"line":8,"column":20},"end":{"line":57,"column":1}},"line":8},"1":{"name":"(anonymous_1)","decl":{"start":{"line":14,"column":12},"end":{"line":14,"column":13}},"loc":{"start":{"line":14,"column":18},"end":{"line":28,"column":3}},"line":14},"2":{"name":"(anonymous_2)","decl":{"start":{"line":15,"column":29},"end":{"line":15,"column":30}},"loc":{"start":{"line":15,"column":39},"end":{"line":27,"column":5}},"line":15},"3":{"name":"(anonymous_3)","decl":{"start":{"line":17,"column":15},"end":{"line":17,"column":16}},"loc":{"start":{"line":17,"column":21},"end":{"line":19,"column":9}},"line":17},"4":{"name":"(anonymous_4)","decl":{"start":{"line":33,"column":17},"end":{"line":33,"column":18}},"loc":{"start":{"line":33,"column":23},"end":{"line":42,"column":3}},"line":33},"5":{"name":"(anonymous_5)","decl":{"start":{"line":35,"column":12},"end":{"line":35,"column":13}},"loc":{"start":{"line":35,"column":18},"end":{"line":38,"column":7}},"line":35},"6":{"name":"(anonymous_6)","decl":{"start":{"line":39,"column":13},"end":{"line":39,"column":14}},"loc":{"start":{"line":39,"column":24},"end":{"line":41,"column":7}},"line":39}},"branchMap":{"0":{"loc":{"start":{"line":16,"column":6},"end":{"line":26,"column":7}},"type":"if","locations":[{"start":{"line":16,"column":6},"end":{"line":26,"column":7}},{"start":{},"end":{}}],"line":16},"1":{"loc":{"start":{"line":21,"column":8},"end":{"line":25,"column":9}},"type":"if","locations":[{"start":{"line":21,"column":8},"end":{"line":25,"column":9}},{"start":{"line":23,"column":15},"end":{"line":25,"column":9}}],"line":21},"2":{"loc":{"start":{"line":54,"column":7},"end":{"line":54,"column":64}},"type":"cond-expr","locations":[{"start":{"line":54,"column":13},"end":{"line":54,"column":36}},{"start":{"line":54,"column":39},"end":{"line":54,"column":64}}],"line":54}},"s":{"0":0,"1":0,"2":0,"3":0,"4":0,"5":0,"6":0,"7":0,"8":0,"9":0,"10":0,"11":0,"12":0,"13":0,"14":0,"15":0,"16":0,"17":0,"18":0,"19":0},"f":{"0":0,"1":0,"2":0,"3":0,"4":0,"5":0,"6":0},"b":{"0":[0,0],"1":[0,0],"2":[0,0]}}
,"C:\\Users\\admin\\Desktop\\DEV001-notes\\labnotes\\src\\main.jsx": {"path":"C:\\Users\\admin\\Desktop\\DEV001-notes\\labnotes\\src\\main.jsx","statementMap":{"0":{"start":{"line":9,"column":0},"end":{"line":14,"column":2}}},"fnMap":{},"branchMap":{},"s":{"0":0},"f":{},"b":{}}
,"C:\\Users\\admin\\Desktop\\DEV001-notes\\labnotes\\src\\Firebase\\Configuracion.js": {"path":"C:\\Users\\admin\\Desktop\\DEV001-notes\\labnotes\\src\\Firebase\\Configuracion.js","statementMap":{"0":{"start":{"line":6,"column":23},"end":{"line":13,"column":1}},"1":{"start":{"line":16,"column":19},"end":{"line":16,"column":48}},"2":{"start":{"line":17,"column":20},"end":{"line":17,"column":32}},"3":{"start":{"line":18,"column":18},"end":{"line":18,"column":35}}},"fnMap":{},"branchMap":{},"s":{"0":0,"1":0,"2":0,"3":0},"f":{},"b":{}}
,"C:\\Users\\admin\\Desktop\\DEV001-notes\\labnotes\\src\\Firebase\\func.js": {"path":"C:\\Users\\admin\\Desktop\\DEV001-notes\\labnotes\\src\\Firebase\\func.js","statementMap":{"0":{"start":{"line":10,"column":13},"end":{"line":10,"column":25}},"1":{"start":{"line":11,"column":31},"end":{"line":14,"column":1}},"2":{"start":{"line":12,"column":19},"end":{"line":12,"column":43}},"3":{"start":{"line":13,"column":2},"end":{"line":13,"column":40}},"4":{"start":{"line":18,"column":27},"end":{"line":20,"column":1}},"5":{"start":{"line":19,"column":2},"end":{"line":19,"column":22}}},"fnMap":{"0":{"name":"(anonymous_0)","decl":{"start":{"line":11,"column":31},"end":{"line":11,"column":32}},"loc":{"start":{"line":11,"column":37},"end":{"line":14,"column":1}},"line":11},"1":{"name":"(anonymous_1)","decl":{"start":{"line":18,"column":27},"end":{"line":18,"column":28}},"loc":{"start":{"line":18,"column":39},"end":{"line":20,"column":1}},"line":18}},"branchMap":{},"s":{"0":0,"1":0,"2":0,"3":0,"4":0,"5":0},"f":{"0":0,"1":0},"b":{}}
,"C:\\Users\\admin\\Desktop\\DEV001-notes\\labnotes\\src\\componentes\\FormNotes.jsx": {"path":"C:\\Users\\admin\\Desktop\\DEV001-notes\\labnotes\\src\\componentes\\FormNotes.jsx","statementMap":{"0":{"start":{"line":7,"column":23},"end":{"line":14,"column":3}},"1":{"start":{"line":8,"column":22},"end":{"line":8,"column":30}},"2":{"start":{"line":9,"column":4},"end":{"line":13,"column":8}},"3":{"start":{"line":9,"column":36},"end":{"line":13,"column":5}},"4":{"start":{"line":17,"column":19},"end":{"line":37,"column":3}},"5":{"start":{"line":18,"column":4},"end":{"line":18,"column":23}},"6":{"start":{"line":19,"column":20},"end":{"line":23,"column":5}},"7":{"start":{"line":24,"column":4},"end":{"line":35,"column":5}},"8":{"start":{"line":25,"column":6},"end":{"line":31,"column":7}},"9":{"start":{"line":26,"column":8},"end":{"line":26,"column":58}},"10":{"start":{"line":27,"column":8},"end":{"line":27,"column":59}},"11":{"start":{"line":28,"column":8},"end":{"line":28,"column":43}},"12":{"start":{"line":30,"column":8},"end":{"line":30,"column":27}},"13":{"start":{"line":33,"column":6},"end":{"line":33,"column":49}},"14":{"start":{"line":34,"column":6},"end":{"line":34,"column":57}},"15":{"start":{"line":39,"column":2},"end":{"line":65,"column":4}},"16":{"start":{"line":51,"column":23},"end":{"line":51,"column":73}},"17":{"start":{"line":59,"column":23},"end":{"line":59,"column":59}}},"fnMap":{"0":{"name":"FormNotes","decl":{"start":{"line":5,"column":16},"end":{"line":5,"column":25}},"loc":{"start":{"line":5,"column":66},"end":{"line":66,"column":1}},"line":5},"1":{"name":"(anonymous_1)","decl":{"start":{"line":7,"column":23},"end":{"line":7,"column":24}},"loc":{"start":{"line":7,"column":30},"end":{"line":14,"column":3}},"line":7},"2":{"name":"(anonymous_2)","decl":{"start":{"line":9,"column":20},"end":{"line":9,"column":21}},"loc":{"start":{"line":9,"column":36},"end":{"line":13,"column":5}},"line":9},"3":{"name":"(anonymous_3)","decl":{"start":{"line":17,"column":19},"end":{"line":17,"column":20}},"loc":{"start":{"line":17,"column":32},"end":{"line":37,"column":3}},"line":17},"4":{"name":"(anonymous_4)","decl":{"start":{"line":51,"column":17},"end":{"line":51,"column":18}},"loc":{"start":{"line":51,"column":23},"end":{"line":51,"column":73}},"line":51},"5":{"name":"(anonymous_5)","decl":{"start":{"line":59,"column":17},"end":{"line":59,"column":18}},"loc":{"start":{"line":59,"column":23},"end":{"line":59,"column":59}},"line":59}},"branchMap":{"0":{"loc":{"start":{"line":24,"column":4},"end":{"line":35,"column":5}},"type":"if","locations":[{"start":{"line":24,"column":4},"end":{"line":35,"column":5}},{"start":{"line":32,"column":11},"end":{"line":35,"column":5}}],"line":24},"1":{"loc":{"start":{"line":62,"column":9},"end":{"line":62,"column":51}},"type":"cond-expr","locations":[{"start":{"line":62,"column":27},"end":{"line":62,"column":39}},{"start":{"line":62,"column":42},"end":{"line":62,"column":51}}],"line":62}},"s":{"0":0,"1":0,"2":0,"3":0,"4":0,"5":0,"6":0,"7":0,"8":0,"9":0,"10":0,"11":0,"12":0,"13":0,"14":0,"15":0,"16":0,"17":0},"f":{"0":0,"1":0,"2":0,"3":0,"4":0,"5":0},"b":{"0":[0,0],"1":[0,0]}}
,"C:\\Users\\admin\\Desktop\\DEV001-notes\\labnotes\\src\\componentes\\ListNote.jsx": {"path":"C:\\Users\\admin\\Desktop\\DEV001-notes\\labnotes\\src\\componentes\\ListNote.jsx","statementMap":{"0":{"start":{"line":17,"column":42},"end":{"line":21,"column":4}},"1":{"start":{"line":22,"column":28},"end":{"line":22,"column":40}},"2":{"start":{"line":25,"column":19},"end":{"line":43,"column":3}},"3":{"start":{"line":26,"column":4},"end":{"line":26,"column":26}},"4":{"start":{"line":28,"column":21},"end":{"line":28,"column":47}},"5":{"start":{"line":29,"column":14},"end":{"line":33,"column":5}},"6":{"start":{"line":34,"column":4},"end":{"line":42,"column":7}},"7":{"start":{"line":35,"column":19},"end":{"line":35,"column":21}},"8":{"start":{"line":36,"column":6},"end":{"line":39,"column":9}},"9":{"start":{"line":37,"column":8},"end":{"line":37,"column":25}},"10":{"start":{"line":38,"column":8},"end":{"line":38,"column":49}},"11":{"start":{"line":40,"column":6},"end":{"line":40,"column":32}},"12":{"start":{"line":41,"column":6},"end":{"line":41,"column":21}},"13":{"start":{"line":45,"column":2},"end":{"line":56,"column":9}},"14":{"start":{"line":46,"column":4},"end":{"line":46,"column":29}},"15":{"start":{"line":47,"column":55},"end":{"line":47,"column":68}},"16":{"start":{"line":49,"column":4},"end":{"line":52,"column":6}},"17":{"start":{"line":51,"column":6},"end":{"line":51,"column":51}},"18":{"start":{"line":58,"column":21},"end":{"line":60,"column":3}},"19":{"start":{"line":59,"column":4},"end":{"line":59,"column":45}},"20":{"start":{"line":62,"column":2},"end":{"line":85,"column":4}},"21":{"start":{"line":70,"column":8},"end":{"line":82,"column":14}},"22":{"start":{"line":75,"column":58},"end":{"line":75,"column":77}},"23":{"start":{"line":78,"column":52},"end":{"line":78,"column":73}}},"fnMap":{"0":{"name":"ListNotes","decl":{"start":{"line":14,"column":16},"end":{"line":14,"column":25}},"loc":{"start":{"line":14,"column":35},"end":{"line":86,"column":1}},"line":14},"1":{"name":"(anonymous_1)","decl":{"start":{"line":25,"column":19},"end":{"line":25,"column":20}},"loc":{"start":{"line":25,"column":27},"end":{"line":43,"column":3}},"line":25},"2":{"name":"(anonymous_2)","decl":{"start":{"line":34,"column":25},"end":{"line":34,"column":26}},"loc":{"start":{"line":34,"column":44},"end":{"line":42,"column":5}},"line":34},"3":{"name":"(anonymous_3)","decl":{"start":{"line":36,"column":28},"end":{"line":36,"column":29}},"loc":{"start":{"line":36,"column":37},"end":{"line":39,"column":7}},"line":36},"4":{"name":"(anonymous_4)","decl":{"start":{"line":45,"column":12},"end":{"line":45,"column":13}},"loc":{"start":{"line":45,"column":18},"end":{"line":56,"column":3}},"line":45},"5":{"name":"(anonymous_5)","decl":{"start":{"line":49,"column":11},"end":{"line":49,"column":12}},"loc":{"start":{"line":49,"column":17},"end":{"line":52,"column":5}},"line":49},"6":{"name":"(anonymous_6)","decl":{"start":{"line":58,"column":21},"end":{"line":58,"column":22}},"loc":{"start":{"line":58,"column":35},"end":{"line":60,"column":3}},"line":58},"7":{"name":"(anonymous_7)","decl":{"start":{"line":69,"column":17},"end":{"line":69,"column":18}},"loc":{"start":{"line":70,"column":8},"end":{"line":82,"column":14}},"line":70},"8":{"name":"(anonymous_8)","decl":{"start":{"line":75,"column":52},"end":{"line":75,"column":53}},"loc":{"start":{"line":75,"column":58},"end":{"line":75,"column":77}},"line":75},"9":{"name":"(anonymous_9)","decl":{"start":{"line":78,"column":46},"end":{"line":78,"column":47}},"loc":{"start":{"line":78,"column":52},"end":{"line":78,"column":73}},"line":78}},"branchMap":{},"s":{"0":0,"1":0,"2":0,"3":0,"4":0,"5":0,"6":0,"7":0,"8":0,"9":0,"10":0,"11":0,"12":0,"13":0,"14":0,"15":0,"16":0,"17":0,"18":0,"19":0,"20":0,"21":0,"22":0,"23":0},"f":{"0":0,"1":0,"2":0,"3":0,"4":0,"5":0,"6":0,"7":0,"8":0,"9":0},"b":{}}
,"C:\\Users\\admin\\Desktop\\DEV001-notes\\labnotes\\src\\context\\authContext.jsx": {"path":"C:\\Users\\admin\\Desktop\\DEV001-notes\\labnotes\\src\\context\\authContext.jsx","statementMap":{},"fnMap":{},"branchMap":{},"s":{},"f":{},"b":{}}
,"C:\\Users\\admin\\Desktop\\DEV001-notes\\labnotes\\src\\context\\noteContext.jsx": {"path":"C:\\Users\\admin\\Desktop\\DEV001-notes\\labnotes\\src\\context\\noteContext.jsx","statementMap":{"0":{"start":{"line":8,"column":27},"end":{"line":8,"column":42}},"1":{"start":{"line":42,"column":2},"end":{"line":47,"column":4}},"2":{"start":{"line":50,"column":29},"end":{"line":50,"column":58}},"3":{"start":{"line":50,"column":35},"end":{"line":50,"column":58}}},"fnMap":{"0":{"name":"NoteProvider","decl":{"start":{"line":10,"column":16},"end":{"line":10,"column":28}},"loc":{"start":{"line":10,"column":43},"end":{"line":48,"column":1}},"line":10},"1":{"name":"(anonymous_1)","decl":{"start":{"line":50,"column":29},"end":{"line":50,"column":30}},"loc":{"start":{"line":50,"column":35},"end":{"line":50,"column":58}},"line":50}},"branchMap":{},"s":{"0":0,"1":0,"2":0,"3":0},"f":{"0":0,"1":0},"b":{}}
}
