TN:
SF:src\App.jsx
FN:9,App
FNF:1
FNH:0
FNDA:0,App
DA:10,0
LF:1
LH:0
BRF:0
BRH:0
end_of_record
TN:
SF:src\LogIn.jsx
FN:10,(anonymous_0)
FN:12,LoginGogle
FN:14,(anonymous_2)
FN:18,(anonymous_3)
FNF:4
FNH:0
FNDA:0,(anonymous_0)
FNDA:0,LoginGogle
FNDA:0,(anonymous_2)
FNDA:0,(anonymous_3)
DA:10,0
DA:11,0
DA:13,0
DA:16,0
DA:19,0
DA:24,0
LF:6
LH:0
BRF:0
BRH:0
end_of_record
TN:
SF:src\Notes.jsx
FN:8,(anonymous_0)
FN:14,(anonymous_1)
FN:15,(anonymous_2)
FN:17,(anonymous_3)
FN:33,(anonymous_4)
FN:35,(anonymous_5)
FN:39,(anonymous_6)
FNF:7
FNH:0
FNDA:0,(anonymous_0)
FNDA:0,(anonymous_1)
FNDA:0,(anonymous_2)
FNDA:0,(anonymous_3)
FNDA:0,(anonymous_4)
FNDA:0,(anonymous_5)
FNDA:0,(anonymous_6)
DA:8,0
DA:9,0
DA:10,0
DA:12,0
DA:14,0
DA:15,0
DA:16,0
DA:17,0
DA:18,0
DA:20,0
DA:21,0
DA:22,0
DA:24,0
DA:32,0
DA:33,0
DA:34,0
DA:36,0
DA:37,0
DA:40,0
DA:44,0
LF:20
LH:0
BRDA:16,0,0,0
BRDA:16,0,1,0
BRDA:21,1,0,0
BRDA:21,1,1,0
BRDA:54,2,0,0
BRDA:54,2,1,0
BRF:6
BRH:0
end_of_record
TN:
SF:src\main.jsx
FNF:0
FNH:0
DA:9,0
LF:1
LH:0
BRF:0
BRH:0
end_of_record
TN:
SF:src\Firebase\Configuracion.js
FNF:0
FNH:0
DA:6,0
DA:16,0
DA:17,0
DA:18,0
LF:4
LH:0
BRF:0
BRH:0
end_of_record
TN:
SF:src\Firebase\func.js
FN:11,(anonymous_0)
FN:18,(anonymous_1)
FNF:2
FNH:0
FNDA:0,(anonymous_0)
FNDA:0,(anonymous_1)
DA:10,0
DA:11,0
DA:12,0
DA:13,0
DA:18,0
DA:19,0
LF:6
LH:0
BRF:0
BRH:0
end_of_record
TN:
SF:src\componentes\FormNotes.jsx
FN:5,FormNotes
FN:7,(anonymous_1)
FN:9,(anonymous_2)
FN:17,(anonymous_3)
FN:51,(anonymous_4)
FN:59,(anonymous_5)
FNF:6
FNH:0
FNDA:0,FormNotes
FNDA:0,(anonymous_1)
FNDA:0,(anonymous_2)
FNDA:0,(anonymous_3)
FNDA:0,(anonymous_4)
FNDA:0,(anonymous_5)
DA:7,0
DA:8,0
DA:9,0
DA:17,0
DA:18,0
DA:19,0
DA:24,0
DA:25,0
DA:26,0
DA:27,0
DA:28,0
DA:30,0
DA:33,0
DA:34,0
DA:39,0
DA:51,0
DA:59,0
LF:17
LH:0
BRDA:24,0,0,0
BRDA:24,0,1,0
BRDA:62,1,0,0
BRDA:62,1,1,0
BRF:4
BRH:0
end_of_record
TN:
SF:src\componentes\ListNote.jsx
FN:14,ListNotes
FN:25,(anonymous_1)
FN:34,(anonymous_2)
FN:36,(anonymous_3)
FN:45,(anonymous_4)
FN:49,(anonymous_5)
FN:58,(anonymous_6)
FN:69,(anonymous_7)
FN:75,(anonymous_8)
FN:78,(anonymous_9)
FNF:10
FNH:0
FNDA:0,ListNotes
FNDA:0,(anonymous_1)
FNDA:0,(anonymous_2)
FNDA:0,(anonymous_3)
FNDA:0,(anonymous_4)
FNDA:0,(anonymous_5)
FNDA:0,(anonymous_6)
FNDA:0,(anonymous_7)
FNDA:0,(anonymous_8)
FNDA:0,(anonymous_9)
DA:17,0
DA:22,0
DA:25,0
DA:26,0
DA:28,0
DA:29,0
DA:34,0
DA:35,0
DA:36,0
DA:37,0
DA:38,0
DA:40,0
DA:41,0
DA:45,0
DA:46,0
DA:47,0
DA:49,0
DA:51,0
DA:58,0
DA:59,0
DA:62,0
DA:70,0
DA:75,0
DA:78,0
LF:24
LH:0
BRF:0
BRH:0
end_of_record
TN:
SF:src\context\authContext.jsx
FNF:0
FNH:0
LF:0
LH:0
BRF:0
BRH:0
end_of_record
TN:
SF:src\context\noteContext.jsx
FN:10,NoteProvider
FN:50,(anonymous_1)
FNF:2
FNH:0
FNDA:0,NoteProvider
FNDA:0,(anonymous_1)
DA:8,0
DA:42,0
DA:50,0
LF:3
LH:0
BRF:0
BRH:0
end_of_record
